<?xml version="1.0" encoding="UTF-8"?>
<testng-results skipped="0" failed="0" ignored="0" total="1" passed="1">
  <reporter-output>
  </reporter-output>
  <suite name="Suite" duration-ms="26718" started-at="2018-06-10T10:27:54Z" finished-at="2018-06-10T10:28:21Z">
    <groups>
    </groups>
    <test name="Test" duration-ms="26718" started-at="2018-06-10T10:27:54Z" finished-at="2018-06-10T10:28:21Z">
      <class name="grid.JqueryUi">
        <test-method status="PASS" signature="frame()[pri:0, instance:grid.JqueryUi@1fa3a9d]" name="frame" duration-ms="26615" started-at="2018-06-10T10:27:54Z" finished-at="2018-06-10T10:28:21Z">
          <reporter-output>
          </reporter-output>
        </test-method> <!-- frame -->
      </class> <!-- grid.JqueryUi -->
    </test> <!-- Test -->
  </suite> <!-- Suite -->
</testng-results>
